<?xml version="1.0" encoding="UTF-8"?>
<testng-results ignored="0" total="1" passed="0" failed="1" skipped="0">
  <reporter-output>
  </reporter-output>
  <suite started-at="2025-05-15T10:12:40 IST" name="Default suite" finished-at="2025-05-15T10:18:52 IST" duration-ms="372658">
    <groups>
    </groups>
    <test started-at="2025-05-15T10:12:40 IST" name="Default test" finished-at="2025-05-15T10:18:52 IST" duration-ms="372658">
      <class name="Program.MBA.MBAProgram">
        <test-method is-config="true" signature="setupReport()[pri:0, instance:Program.MBA.MBAProgram@2b4bac49]" started-at="2025-05-15T10:12:40 IST" name="setupReport" finished-at="2025-05-15T10:12:40 IST" duration-ms="276" status="PASS">
          <reporter-output>
          </reporter-output>
        </test-method> <!-- setupReport -->
        <test-method is-config="true" signature="LaunchBrowser()[pri:0, instance:Program.MBA.MBAProgram@2b4bac49]" started-at="2025-05-15T10:12:40 IST" name="LaunchBrowser" finished-at="2025-05-15T10:14:50 IST" duration-ms="129845" status="PASS">
          <reporter-output>
          </reporter-output>
        </test-method> <!-- LaunchBrowser -->
        <test-method signature="ugProgramSectin()[pri:0, instance:Program.MBA.MBAProgram@2b4bac49]" started-at="2025-05-15T10:14:50 IST" name="ugProgramSectin" finished-at="2025-05-15T10:18:51 IST" duration-ms="241326" status="FAIL">
          <exception class="java.lang.AssertionError">
            <message>
              <![CDATA[Test failed due to exception.]]>
            </message>
            <full-stacktrace>
              <![CDATA[java.lang.AssertionError: Test failed due to exception.
at org.testng.Assert.fail(Assert.java:111)
at Program.MBA.MBAProgram.ugProgramSectin(MBAProgram.java:2018)
at java.base/jdk.internal.reflect.DirectMethodHandleAccessor.invoke(DirectMethodHandleAccessor.java:103)
at java.base/java.lang.reflect.Method.invoke(Method.java:580)
at org.testng.internal.invokers.MethodInvocationHelper.invokeMethod(MethodInvocationHelper.java:141)
at org.testng.internal.invokers.TestInvoker.invokeMethod(TestInvoker.java:687)
at org.testng.internal.invokers.TestInvoker.invokeTestMethod(TestInvoker.java:230)
at org.testng.internal.invokers.MethodRunner.runInSequence(MethodRunner.java:63)
at org.testng.internal.invokers.TestInvoker$MethodInvocationAgent.invoke(TestInvoker.java:995)
at org.testng.internal.invokers.TestInvoker.invokeTestMethods(TestInvoker.java:203)
at org.testng.internal.invokers.TestMethodWorker.invokeTestMethods(TestMethodWorker.java:154)
at org.testng.internal.invokers.TestMethodWorker.run(TestMethodWorker.java:134)
at java.base/java.util.ArrayList.forEach(ArrayList.java:1596)
at org.testng.TestRunner.privateRun(TestRunner.java:741)
at org.testng.TestRunner.run(TestRunner.java:616)
at org.testng.SuiteRunner.runTest(SuiteRunner.java:421)
at org.testng.SuiteRunner.runSequentially(SuiteRunner.java:413)
at org.testng.SuiteRunner.privateRun(SuiteRunner.java:373)
at org.testng.SuiteRunner.run(SuiteRunner.java:312)
at org.testng.SuiteRunnerWorker.runSuite(SuiteRunnerWorker.java:52)
at org.testng.SuiteRunnerWorker.run(SuiteRunnerWorker.java:95)
at org.testng.TestNG.runSuitesSequentially(TestNG.java:1274)
at org.testng.TestNG.runSuitesLocally(TestNG.java:1208)
at org.testng.TestNG.runSuites(TestNG.java:1112)
at org.testng.TestNG.run(TestNG.java:1079)
at org.testng.remote.AbstractRemoteTestNG.run(AbstractRemoteTestNG.java:115)
at org.testng.remote.RemoteTestNG.initAndRun(RemoteTestNG.java:293)
at org.testng.remote.RemoteTestNG.main(RemoteTestNG.java:91)
]]>
            </full-stacktrace>
          </exception> <!-- java.lang.AssertionError -->
          <reporter-output>
          </reporter-output>
        </test-method> <!-- ugProgramSectin -->
        <test-method is-config="true" signature="CloseBrowser(org.testng.ITestResult)[pri:0, instance:Program.MBA.MBAProgram@2b4bac49]" started-at="2025-05-15T10:18:51 IST" name="CloseBrowser" finished-at="2025-05-15T10:18:52 IST" duration-ms="726" status="PASS">
          <params>
            <param index="0">
              <value>
                <![CDATA[[TestResult name=ugProgramSectin status=FAILURE method=MBAProgram.ugProgramSectin()[pri:0, instance:Program.MBA.MBAProgram@2b4bac49] output={null}]]]>
              </value>
            </param>
          </params>
          <reporter-output>
          </reporter-output>
        </test-method> <!-- CloseBrowser -->
        <test-method is-config="true" signature="flushReport()[pri:0, instance:Program.MBA.MBAProgram@2b4bac49]" started-at="2025-05-15T10:18:52 IST" name="flushReport" finished-at="2025-05-15T10:18:52 IST" duration-ms="427" status="PASS">
          <reporter-output>
          </reporter-output>
        </test-method> <!-- flushReport -->
      </class> <!-- Program.MBA.MBAProgram -->
    </test> <!-- Default test -->
  </suite> <!-- Default suite -->
</testng-results>
